pgbench (16.6 (Ubuntu 16.6-1.pgdg22.04+1))
progress: 3.0 s, 35617.4 tps, lat 0.778 ms stddev 0.617, 0 failed
progress: 6.0 s, 30091.3 tps, lat 0.977 ms stddev 0.744, 0 failed
progress: 9.0 s, 31903.2 tps, lat 0.923 ms stddev 0.559, 0 failed
progress: 12.0 s, 34964.7 tps, lat 0.843 ms stddev 0.521, 0 failed
progress: 15.0 s, 39549.0 tps, lat 0.749 ms stddev 0.338, 0 failed
progress: 18.0 s, 37860.0 tps, lat 0.781 ms stddev 0.417, 0 failed
progress: 21.0 s, 34374.5 tps, lat 0.858 ms stddev 0.491, 0 failed
progress: 24.0 s, 37782.7 tps, lat 0.782 ms stddev 0.455, 0 failed
progress: 27.0 s, 35760.6 tps, lat 0.825 ms stddev 0.565, 0 failed
progress: 30.0 s, 35135.8 tps, lat 0.840 ms stddev 0.541, 0 failed
progress: 33.0 s, 38754.2 tps, lat 0.764 ms stddev 0.374, 0 failed
progress: 36.0 s, 35453.6 tps, lat 0.833 ms stddev 0.466, 0 failed
progress: 39.0 s, 37413.1 tps, lat 0.791 ms stddev 0.490, 0 failed
progress: 42.0 s, 38662.3 tps, lat 0.766 ms stddev 0.390, 0 failed
progress: 45.0 s, 39543.3 tps, lat 0.749 ms stddev 0.330, 0 failed
progress: 48.0 s, 39393.8 tps, lat 0.752 ms stddev 0.377, 0 failed
progress: 51.0 s, 35912.0 tps, lat 0.823 ms stddev 0.474, 0 failed
progress: 54.0 s, 38198.5 tps, lat 0.772 ms stddev 0.424, 0 failed
progress: 57.0 s, 38021.6 tps, lat 0.778 ms stddev 0.404, 0 failed
progress: 60.0 s, 39615.2 tps, lat 0.747 ms stddev 0.348, 0 failed
transaction type: h3_test.sql
scaling factor: 1
query mode: simple
number of clients: 30
number of threads: 4
maximum number of tries: 1
duration: 60 s
number of transactions actually processed: 2202038
number of failed transactions: 0 (0.000%)
latency average = 0.803 ms
latency stddev = 0.474 ms
initial connection time = 187.403 ms
tps = 36812.702858 (without initial connection time)
