pgbench (16.6 (Ubuntu 16.6-1.pgdg22.04+1))
progress: 3.0 s, 31196.8 tps, lat 0.304 ms stddev 0.228, 0 failed
progress: 6.0 s, 28578.2 tps, lat 0.338 ms stddev 0.278, 0 failed
progress: 9.0 s, 36188.8 tps, lat 0.267 ms stddev 0.129, 0 failed
progress: 12.0 s, 34830.2 tps, lat 0.277 ms stddev 0.158, 0 failed
progress: 15.0 s, 37537.0 tps, lat 0.258 ms stddev 0.089, 0 failed
progress: 18.0 s, 31700.3 tps, lat 0.305 ms stddev 0.225, 0 failed
progress: 21.0 s, 31020.9 tps, lat 0.312 ms stddev 0.227, 0 failed
progress: 24.0 s, 35882.9 tps, lat 0.270 ms stddev 0.122, 0 failed
progress: 27.0 s, 36860.2 tps, lat 0.262 ms stddev 0.099, 0 failed
progress: 30.0 s, 36261.6 tps, lat 0.267 ms stddev 0.118, 0 failed
progress: 33.0 s, 35679.2 tps, lat 0.271 ms stddev 0.120, 0 failed
progress: 36.0 s, 38423.2 tps, lat 0.252 ms stddev 0.081, 0 failed
progress: 39.0 s, 38288.1 tps, lat 0.253 ms stddev 0.084, 0 failed
progress: 42.0 s, 37074.4 tps, lat 0.261 ms stddev 0.104, 0 failed
progress: 45.0 s, 37404.5 tps, lat 0.258 ms stddev 0.090, 0 failed
progress: 48.0 s, 33718.9 tps, lat 0.287 ms stddev 0.155, 0 failed
progress: 51.0 s, 36808.7 tps, lat 0.263 ms stddev 0.107, 0 failed
progress: 54.0 s, 36858.8 tps, lat 0.262 ms stddev 0.123, 0 failed
progress: 57.0 s, 37105.8 tps, lat 0.261 ms stddev 0.109, 0 failed
progress: 60.0 s, 33135.6 tps, lat 0.292 ms stddev 0.136, 0 failed
transaction type: h3_test.sql
scaling factor: 1
query mode: simple
number of clients: 10
number of threads: 4
maximum number of tries: 1
duration: 60 s
number of transactions actually processed: 2113791
number of failed transactions: 0 (0.000%)
latency average = 0.274 ms
latency stddev = 0.146 ms
initial connection time = 60.694 ms
tps = 35262.908389 (without initial connection time)
