pgbench (16.6 (Ubuntu 16.6-1.pgdg22.04+1))
progress: 3.0 s, 36087.6 tps, lat 0.774 ms stddev 0.654, 0 failed
progress: 6.0 s, 38818.6 tps, lat 0.762 ms stddev 0.312, 0 failed
progress: 9.0 s, 35770.7 tps, lat 0.825 ms stddev 0.499, 0 failed
progress: 12.0 s, 38268.5 tps, lat 0.773 ms stddev 0.389, 0 failed
progress: 15.0 s, 39139.4 tps, lat 0.756 ms stddev 0.312, 0 failed
progress: 18.0 s, 38844.1 tps, lat 0.762 ms stddev 0.346, 0 failed
progress: 21.0 s, 37743.2 tps, lat 0.784 ms stddev 0.363, 0 failed
progress: 24.0 s, 38988.9 tps, lat 0.759 ms stddev 0.371, 0 failed
progress: 27.0 s, 35778.8 tps, lat 0.826 ms stddev 0.456, 0 failed
progress: 30.0 s, 36704.5 tps, lat 0.805 ms stddev 0.442, 0 failed
transaction type: h3_test.sql
scaling factor: 1
query mode: simple
number of clients: 30
number of threads: 4
maximum number of tries: 1
duration: 30 s
number of transactions actually processed: 1128453
number of failed transactions: 0 (0.000%)
latency average = 0.782 ms
latency stddev = 0.424 ms
initial connection time = 166.515 ms
tps = 37815.508328 (without initial connection time)
